字体自动缩小汇总
生成时间：2026-06-29 09:18:15
HTML：.\data\output\0629-full\output_*.html
输出格式：jpg
输出尺寸：2000x1800
JPEG质量：100

字体自动缩小汇总 output_001.html：63 处
  按列统计：MODEL=20, TYPE=43
  MODEL："A4 allroad qtro" x1 -> 17.25px
  MODEL："A6 allroad qtro" x1 -> 17.25px
  MODEL："Crown Victoria" x1 -> 17.25px
  MODEL："Discovery Sport" x1 -> 16px
  MODEL："etron GT/RS GT" x1 -> 16.5px
  MODEL："etron GT/S/RS" x1 -> 17.5px
  MODEL："e-tron/S e-tron" x1 -> 16.5px
  MODEL："Grd Highlander" x1 -> 16.75px
  MODEL："LandCruiser 250" x1 -> 15.5px
  MODEL："Montero Sport" x1 -> 17.75px
  MODEL："Mustang Mach-E" x1 -> 14.75px
  MODEL："Outlander Sport" x1 -> 16px
  MODEL："Q6/SQ6 e-tron" x1 -> 17.5px
  MODEL："Q8/SQ8/RS Q8" x1 -> 17.25px
  MODEL："RangeRov Evoque" x3 -> 14.25px
  MODEL："RangeRov Sport" x1 -> 15.75px
  MODEL："RangeRov Velar" x1 -> 16.25px
  MODEL："Town & Country" x1 -> 16.25px
  TYPE："4dr SUV Inc:Badlands" x1 -> 11.75px
  TYPE："4dr SUV Inc:Raptor" x1 -> 13.5px
  TYPE："Conv/Coupe/Fastbk" x2 -> 12.5px
  TYPE："Conv/Cpe Inc:Mach1" x1 -> 12.25px
  TYPE："Convertible/Coupe" x4 -> 13.25px
  TYPE："Coupe/Conv Inc:SVO" x1 -> 12.25px
  TYPE："Coupe/Convertible" x7 -> 13.25px
  TYPE："Coupe/Roadster" x1 -> 15.25px
  TYPE："Cp/Conv Inc:AllTrac" x1 -> 12.75px
  TYPE："Cpe SUV/CUV Inc:Rally" x1 -> 11px
  TYPE："Cpe/Conv Inc:Spyder" x1 -> 12px
  TYPE："Hatch Inc:PHEV" x1 -> 16px
  TYPE："Hatch Inc:ZX3/ZX5/RS" x1 -> 11.25px
  TYPE："Hatch/Wagon Inc:4WD" x1 -> 11px
  TYPE："Hatchback Inc:ST" x1 -> 14.25px
  TYPE："Hatchback Type R" x1 -> 14px
  TYPE："Hatchback/Wagon" x1 -> 13.5px
  TYPE："Minivan Inc:Woodland" x1 -> 11.5px
  TYPE："Sedan Incl: 300M" x1 -> 14.75px
  TYPE："Sedan Incl: SHO" x1 -> 15.75px
  TYPE："SUV 110/110 OCTA" x1 -> 14.75px
  TYPE："SUV 90 NAS/90" x1 -> 16.5px
  TYPE："SUV Inc:Timber" x1 -> 16.75px
  TYPE："SUV Inc:TrailSpt" x1 -> 15.75px
  TYPE："SUV Woodland" x1 -> 17.25px
  TYPE："SUV/Sportback" x5 -> 16.25px
  TYPE："Wagon Inc:Avant" x1 -> 15px
  TYPE："Wagon/Hatchback" x1 -> 13.5px
  TYPE："Wgn/Hatch Inc:GR" x1 -> 13.75px
字体自动缩小汇总 output_002.html：59 处
  按列统计：MODEL=10, TYPE=49
  MODEL："Grand Cherokee" x6 -> 15.75px
  MODEL："Grand Marquis" x1 -> 17.5px
  MODEL："Grand Wagoneer" x2 -> 15.25px
  MODEL："Outback Sport" x1 -> 17.75px
  TYPE："2dr SUV Rubicon" x1 -> 15.25px
  TYPE："2dr SUV Xtreme" x1 -> 16px
  TYPE："4dr SUV Rubicon" x1 -> 15px
  TYPE："4dr SUV Xtreme" x1 -> 15.75px
  TYPE："Conv Inc:IROC-Z" x1 -> 15.5px
  TYPE："Conv/Coupe ZL1" x1 -> 15.5px
  TYPE："Convertible/Coupe" x7 -> 13.25px
  TYPE："Coupe Inc:GT/GTZ" x1 -> 14px
  TYPE："Coupe Inc:IROC-Z/Z28" x1 -> 11.25px
  TYPE："Coupe Inc:Laguna S3" x1 -> 12px
  TYPE："Coupe Incl: SS" x2 -> 17.5px
  TYPE："Coupe Incl: ZR1" x1 -> 16.5px
  TYPE："Coupe Z06/ZR1" x1 -> 16.75px
  TYPE："Coupe/Conv Inc:Cielo" x1 -> 11.5px
  TYPE："Coupe/Conv Inc:ZR-1" x1 -> 12px
  TYPE："Coupe/Convertible" x5 -> 13.25px
  TYPE："CUV Inc:Wildrns" x1 -> 15.75px
  TYPE："Hatch Inc:Turbo/N" x1 -> 13.75px
  TYPE："Hatch/Sportback" x1 -> 14.5px
  TYPE："Sedan Impala SS" x1 -> 15px
  TYPE："Sedan Inc:5.0 R-Spec" x1 -> 12px
  TYPE："Sedan WRX/STI" x1 -> 16.25px
  TYPE："SUV Cross Sport" x1 -> 15.25px
  TYPE："SUV Inc:Limited" x1 -> 15.75px
  TYPE："SUV Inc:Wildrns" x1 -> 16px
  TYPE："SUV Incl: Sport" x2 -> 17px
  TYPE："Wagon Inc:CrossCtry" x2 -> 12px
  TYPE："Wagon/Hatch Inc:XC" x1 -> 12px
  TYPE："Wagon/Hatch WRX/STI" x1 -> 10.75px
  TYPE："Wagon/Hatchback" x4 -> 13.5px
  TYPE："Wgn/Hbk Inc:OutbkS" x2 -> 12px
  TYPE："Wgn/Hbk Inc:Wildrns" x1 -> 12px
字体自动缩小汇总 output_003.html：51 处
  按列统计：TYPE=51
  TYPE："2/4dr Hatch Inc:SE" x1 -> 13.5px
  TYPE："2dr Hatch/4dr Hatch" x1 -> 12.25px
  TYPE："Cnv/Cpe Inc:TransAm" x1 -> 11.5px
  TYPE："Conv Inc:Abarth" x1 -> 15.75px
  TYPE："Conv Inc:Dune" x1 -> 17.5px
  TYPE："Conv Temp/LeMans" x1 -> 12.75px
  TYPE："Convertible/Coupe" x8 -> 13.25px
  TYPE："Coupe Can Am" x1 -> 17px
  TYPE："Coupe Duster/Scamp" x1 -> 11.5px
  TYPE："Coupe Inc:NISMO" x2 -> 14.5px
  TYPE："Coupe Inc:Widebody" x1 -> 12.5px
  TYPE："Coupe R/T Turbo" x1 -> 15.25px
  TYPE："Coupe Temp/LeMans" x2 -> 11.75px
  TYPE："Coupe/Conv Inc:NISMO" x1 -> 10.75px
  TYPE："Coupe/Convertible" x1 -> 13.25px
  TYPE："Coupe/Fastback" x1 -> 15.25px
  TYPE："Cpe SUV/CUV Inc:JCW" x1 -> 11.25px
  TYPE："Cpe/Conv/R Inc:GTS" x1 -> 12.25px
  TYPE："Hatch Inc:Dune" x1 -> 16.25px
  TYPE："Hatchback Diesel" x1 -> 14.25px
  TYPE："Hatchback GTI" x1 -> 17.25px
  TYPE："Hatchback GTI/R" x1 -> 14.75px
  TYPE："Hatchback Inc:GTI" x1 -> 13.75px
  TYPE："Hatchback/Wagon" x2 -> 13.5px
  TYPE："Hbk/Wgn Inc:Safari" x1 -> 13px
  TYPE："Htop/Cpe Inc:Fury" x1 -> 13.75px
  TYPE："Minivan GrandCar/LWB" x1 -> 10.75px
  TYPE："Rdstr/Conv Inc:JCW" x1 -> 12.75px
  TYPE："Roadster/Coupe" x1 -> 15.25px
  TYPE："Sedan Inc:Diesel" x1 -> 15px
  TYPE："Sedan Incl: GLI" x1 -> 17px
  TYPE："Sportback/Wagon" x1 -> 14px
  TYPE："SUV 4WD/2WD" x1 -> 17px
  TYPE："SUV Inc:Cross Sport" x1 -> 12.5px
  TYPE："SUV Inc:PRO-4X/NISMO" x1 -> 10.5px
  TYPE："SUV Inc:SRT/Hellcat" x1 -> 12.25px
  TYPE："SUV Incl: PHEV" x2 -> 16.75px
  TYPE："SUV Rock Creek" x1 -> 15.5px
  TYPE："Wagon Temp/LeMans" x1 -> 11.5px
  TYPE："Wagon Temp/Safari" x1 -> 12.75px
字体自动缩小汇总 output_004.html：88 处
  按列统计：TYPE=88
  TYPE："Cnv/Cpe Inc:Cabrio" x1 -> 13px
  TYPE："Conv/Coupe Inc:M4" x1 -> 12.75px
  TYPE："Conv/Cpe F85/Cut" x1 -> 13.5px
  TYPE："Conv/Targa/Coupe" x1 -> 13.25px
  TYPE："Convertible/Coupe" x4 -> 13.25px
  TYPE："Coupe GT3/Turbo" x1 -> 14.5px
  TYPE："Coupe Incl: 912E" x1 -> 15.5px
  TYPE："Coupe Incl: AMG" x1 -> 15.25px
  TYPE："Coupe Incl: Koup" x1 -> 15px
  TYPE："Coupe Incl: RWD" x1 -> 15.25px
  TYPE："Coupe Turbo/GT3" x1 -> 14.5px
  TYPE："Coupe/Conv Inc:M2" x1 -> 13px
  TYPE："Coupe/Conv Inc:PHEV" x1 -> 11.5px
  TYPE："Coupe/Conv Inc:RF" x1 -> 13px
  TYPE："Coupe/Conv/Roadster" x1 -> 11.25px
  TYPE："Coupe/Convertible" x7 -> 13.25px
  TYPE："Coupe/Roadster" x1 -> 15.25px
  TYPE："Cpe Inc:Ciera/Supr" x1 -> 13.25px
  TYPE："Cpe SUV/CUV Inc:M35i" x1 -> 11px
  TYPE："Cpe/Conv Inc:soft/RF" x1 -> 11.5px
  TYPE："Cpe/Conv/T Inc:GT3" x1 -> 12.5px
  TYPE："Cpe/Lbk/Fbk Inc:GT" x1 -> 12.75px
  TYPE："Cpe/Rdst GT2/Dkr" x1 -> 13.75px
  TYPE："Hatch SportCoupe" x1 -> 13.75px
  TYPE："Hatchback Forte5" x1 -> 14px
  TYPE："Hatchback Inc:GT" x1 -> 14.25px
  TYPE："Hatchback Protege5" x1 -> 12.25px
  TYPE："Hatchback/Wagon" x1 -> 13.5px
  TYPE："Hbk/Lbk Inc:Exec LWB" x1 -> 11.25px
  TYPE："Lbk/Sbk Inc:Exec LWB" x1 -> 11.25px
  TYPE："Rdstr/Conv Inc:XLR-V" x1 -> 11.5px
  TYPE："Roadster 300SL" x1 -> 16px
  TYPE："Roadster 560SL" x1 -> 16px
  TYPE："Roadster AMG" x3 -> 17.5px
  TYPE："Roadster Inc:AMG" x2 -> 14px
  TYPE："Roadster/Conv" x1 -> 16.75px
  TYPE："Sdn AMG/4-door coupe" x1 -> 10.75px
  TYPE："Sdn Inc:AMG/Maybach" x1 -> 11px
  TYPE："Sdn Inc:F85/Cutlass" x1 -> 12.5px
  TYPE："Sdn Inc:Hybrid/PHEV" x1 -> 12px
  TYPE："Sdn Inc:PHEV/Blkwng" x1 -> 11.5px
  TYPE："Sdn RWD/Supreme/FWD" x1 -> 10px
  TYPE："Sedan AMG/PHEV" x1 -> 14px
  TYPE："Sedan F85/Cutlass" x1 -> 13px
  TYPE："Sedan Gran Coupe" x4 -> 13.5px
  TYPE："Sedan Inc:AMG/LWB" x1 -> 12.25px
  TYPE："Sedan Inc:AMG/PHEV" x1 -> 11.75px
  TYPE："Sedan Inc:Blackwing" x1 -> 12px
  TYPE："Sedan Inc:CTS-V" x1 -> 15.25px
  TYPE："Sedan Inc:STS/SLS" x1 -> 13.25px
  TYPE："Sedan Inc:STS-V" x1 -> 15.5px
  TYPE："Sedan Inc:Turbo GT" x1 -> 13.25px
  TYPE："Sedan Incl: AMG" x3 -> 15.5px
  TYPE："SUV Inc:Diesel/AMG" x1 -> 12.5px
  TYPE："SUV Inc:Lyriq-V" x1 -> 16.75px
  TYPE："SUV Incl: AMG" x3 -> 17.75px
  TYPE："SUV Incl: M35i" x1 -> 17.75px
  TYPE："SUV Incl: M60i" x1 -> 17.75px
  TYPE："SUV Incl: PHEV" x2 -> 16.75px
  TYPE："SUV/CUV Inc:AMG" x1 -> 13.75px
  TYPE："Van Inc:Sedona" x1 -> 16.5px
  TYPE："Wagon Inc:AllTerrain" x1 -> 12.25px
  TYPE："Wagon SportTur" x1 -> 15.75px
  TYPE："Wagon/Hatch 5-door" x1 -> 12px
  TYPE："Wagon/Hatch Inc:EV" x1 -> 12.25px
  TYPE："Wagon/Hatch Inc:GT" x1 -> 12.25px
  TYPE："Wgn F85/Cut/Ciera" x1 -> 13px
  TYPE："Wgn Inc:Crs/SprtT" x1 -> 13.75px
字体自动缩小汇总 output_005.html：25 处
  按列统计：TYPE=25
  TYPE："Cnv/Cpe Inc:V6/V8" x1 -> 13.5px
  TYPE："Cnv/Cpe Inc:XKR" x1 -> 14.75px
  TYPE："Conv/Cpe Inc:RedSpt" x1 -> 11.75px
  TYPE："Convertible/Coupe" x1 -> 13.25px
  TYPE："Coupe Inc:Type S" x1 -> 14.75px
  TYPE："Coupe Incl: RC F" x1 -> 15.25px
  TYPE："Coupe SUV/SUV" x1 -> 15.5px
  TYPE："Coupe/Convertible" x4 -> 13.25px
  TYPE："Coupe/Roadster" x1 -> 15.25px
  TYPE："CUV/SUV Inc:Perf" x1 -> 14.25px
  TYPE："Hatch Inc:Type S" x1 -> 15.25px
  TYPE："Hatchback/Wagon" x1 -> 13.5px
  TYPE："Sedan Inc:GT/GTS" x1 -> 14px
  TYPE："Sedan Inc:LWB/SWB" x1 -> 12.25px
  TYPE："Sedan Inc:Quadri" x1 -> 14.75px
  TYPE："Sedan Inc:RedSpt" x1 -> 14.25px
  TYPE："Sedan Inc:Sport" x1 -> 16px
  TYPE："Sedan Type-S/SH-AWD" x1 -> 10.75px
  TYPE："SUV EX35/EX37" x1 -> 16.25px
  TYPE："SUV Inc:Overtrl" x1 -> 16.75px
  TYPE："SUV Incl: Type S" x1 -> 16px
  TYPE："Wagon Sportbrake" x1 -> 13.5px
字体自动缩小汇总 output_006.html：1 处
  按列统计：CAB=1
  CAB："Clb/Quad/Crew/Ext" x1 -> 17.5px
