Size chart generation log
Generated at: 2026-06-30T19:29:37
Config: profile\combined-preference.yaml
Output directory: data\output\0630-tm
CSS: data\output\0630-tm\size-chart.css
Pages: 6
Table chunks: 98
Unique titles: 75
Page table chunks: 11, 14, 17, 14, 15, 27

Inputs:
- data\input\0630-tm-nonpick.tsv
  Profile: non-pickup
  Rows after filtering: 1197
  Titles: 49
  Brand column: MAKE
  Stripe column: MODEL
  Table columns: MODEL, YEAR, TYPE, SIZE
- data\input\0630-tm-pick.tsv
  Profile: pickup
  Rows after filtering: 134
  Titles: 27
  Brand column: TITLE
  Stripe column: CAB
  Table columns: YEAR, CAB, BED, SIZE

Logo settings:
Enabled: True
Directory: D:\Home\Scripts\generate_size_chart_html\img_logos
Logo files indexed: 49
Matched titles: 75
Missing titles: 0

Logo matches:
- MATCH: Acura -> ../../../img_logos/Acura.png
- MATCH: Alfa Romeo -> ../../../img_logos/Alfa%20Romeo.png
- MATCH: Audi -> ../../../img_logos/Audi.png
- MATCH: BMW -> ../../../img_logos/BMW.png
- MATCH: Buick -> ../../../img_logos/Buick.png
- MATCH: Cadillac -> ../../../img_logos/Cadillac.png
- MATCH: Chevrolet -> ../../../img_logos/Chevrolet.png
- MATCH: Chrysler -> ../../../img_logos/CHRYSLER.png
- MATCH: Dodge -> ../../../img_logos/Dodge.png
- MATCH: Fiat -> ../../../img_logos/FIAT.png
- MATCH: Ford -> ../../../img_logos/Ford.png
- MATCH: Genesis -> ../../../img_logos/Genesis.png
- MATCH: GMC -> ../../../img_logos/GMC.png
- MATCH: Honda -> ../../../img_logos/Honda.png
- MATCH: Hyundai -> ../../../img_logos/Hyundai.png
- MATCH: Ineos Automotive -> ../../../img_logos/Ineos.png
- MATCH: Infiniti -> ../../../img_logos/Infiniti.png
- MATCH: Jaguar -> ../../../img_logos/Jaguar.png
- MATCH: Jeep -> ../../../img_logos/Jeep.png
- MATCH: Karma Automotive -> ../../../img_logos/Karma.png
- MATCH: Kia -> ../../../img_logos/Kia.png
- MATCH: Land Rover -> ../../../img_logos/Land%20Rover.png
- MATCH: Lexus -> ../../../img_logos/Lexus.png
- MATCH: Lincoln -> ../../../img_logos/Lincoln.png
- MATCH: Lucid Motors -> ../../../img_logos/Lucid%20Motors.png
- MATCH: Maserati -> ../../../img_logos/Maserati.png
- MATCH: Mazda -> ../../../img_logos/Mazda.png
- MATCH: Mercedes-Benz -> ../../../img_logos/Mercedes-Benz.png
- MATCH: Mercury -> ../../../img_logos/MERCURY.png
- MATCH: MINI -> ../../../img_logos/Mini.png
- MATCH: Mitsubishi -> ../../../img_logos/Mitsubishi.png
- MATCH: Nissan -> ../../../img_logos/Nissan.png
- MATCH: Oldsmobile -> ../../../img_logos/Oldsmobile.png
- MATCH: Plymouth -> ../../../img_logos/Plymouth.png
- MATCH: Polestar -> ../../../img_logos/Polestar.png
- MATCH: Pontiac -> ../../../img_logos/PONTIAC.png
- MATCH: Porsche -> ../../../img_logos/Porsche.png
- MATCH: Rivian -> ../../../img_logos/RIVIAN.png
- MATCH: Saab -> ../../../img_logos/SAAB.png
- MATCH: Saturn -> ../../../img_logos/SATURN.png
- MATCH: Scion -> ../../../img_logos/Scion.png
- MATCH: Subaru -> ../../../img_logos/Subaru.png
- MATCH: Suzuki -> ../../../img_logos/Suzuki.png
- MATCH: Tesla -> ../../../img_logos/Tesla.png
- MATCH: Toyota -> ../../../img_logos/Toyota.png
- MATCH: VinFast -> ../../../img_logos/VinFast.png
- MATCH: Volkswagen -> ../../../img_logos/Volkswagen.png
- MATCH: Volvo -> ../../../img_logos/Volvo.png
- MATCH: Cadillac Escalade EXT -> ../../../img_logos/Cadillac.png
- MATCH: Chevrolet C/K -> ../../../img_logos/Chevrolet.png
- MATCH: Chevrolet Colorado -> ../../../img_logos/Chevrolet.png
- MATCH: Chevrolet Silverado 1500 -> ../../../img_logos/Chevrolet.png
- MATCH: Chevrolet Silverado 2500HD/3500HD -> ../../../img_logos/Chevrolet.png
- MATCH: Chevrolet Silverado EV -> ../../../img_logos/Chevrolet.png
- MATCH: Dodge Dakota -> ../../../img_logos/Dodge.png
- MATCH: Ford Explorer Sport Trac -> ../../../img_logos/Ford.png
- MATCH: Ford F100 -> ../../../img_logos/Ford.png
- MATCH: Ford F-150 -> ../../../img_logos/Ford.png
- MATCH: Ford F-250/F-350 Super Duty -> ../../../img_logos/Ford.png
- MATCH: Ford Maverick -> ../../../img_logos/Ford.png
- MATCH: Ford Ranger -> ../../../img_logos/Ford.png
- MATCH: GMC Canyon -> ../../../img_logos/GMC.png
- MATCH: GMC Sierra 1500/2500HD/3500HD -> ../../../img_logos/GMC.png
- MATCH: GMC Sierra EV -> ../../../img_logos/GMC.png
- MATCH: Honda Ridgeline -> ../../../img_logos/Honda.png
- MATCH: Hyundai Hyundai Santa Cruz -> ../../../img_logos/Hyundai.png
- MATCH: Ineos Automotive Grenadier -> ../../../img_logos/Ineos.png
- MATCH: Jeep Gladiator -> ../../../img_logos/Jeep.png
- MATCH: Nissan Frontier -> ../../../img_logos/Nissan.png
- MATCH: Ram 1500 -> ../../../img_logos/Ram.png
- MATCH: Ram 1500 Classic -> ../../../img_logos/Ram.png
- MATCH: Ram 2500/3500 -> ../../../img_logos/Ram.png
- MATCH: Rivian R1T -> ../../../img_logos/RIVIAN.png
- MATCH: Toyota Tacoma -> ../../../img_logos/Toyota.png
- MATCH: Toyota Tundra -> ../../../img_logos/Toyota.png
